<?xml version="1.0" encoding="UTF-8"?>
<!-- Generated by org.testng.reporters.JUnitXMLReporter -->
<testsuite hostname="Asus" ignored="0" name="Test" tests="6" failures="0" timestamp="01 May 2021 15:07:00 GMT" time="0.027" errors="0">
  <testcase name="BrowserAutomation" time="0.007" classname="QAclickaccademy.mvjava.ApiTest"/>
  <testcase name="ElementsUi" time="0.001" classname="QAclickaccademy.mvjava.ApiTest"/>
  <testcase name="iosTest" time="0.001" classname="QAclickaccademy.mvjava.AppiumTest"/>
  <testcase name="nativeTest" time="0.0" classname="QAclickaccademy.mvjava.AppiumTest"/>
  <testcase name="deleteTwitter" time="0.0" classname="QAclickaccademy.mvjava.AppTest2"/>
  <testcase name="postJira" time="0.0" classname="QAclickaccademy.mvjava.AppTest2"/>
</testsuite> <!-- Test -->
